<?xml version="1.0" encoding="UTF-8" ?>
<testsuite failures="0" time="0.015" errors="0" skipped="0" tests="1" name="jom.impl.DefaultObjectFactoryTest">
  <properties>
    <property name="java.runtime.name" value="Java(TM) SE Runtime Environment"/>
    <property name="sun.boot.library.path" value="C:\Program Files\Java\jdk1.6.0_04\jre\bin"/>
    <property name="java.vm.version" value="10.0-b19"/>
    <property name="java.vm.vendor" value="Sun Microsystems Inc."/>
    <property name="java.vendor.url" value="http://java.sun.com/"/>
    <property name="path.separator" value=";"/>
    <property name="java.vm.name" value="Java HotSpot(TM) Client VM"/>
    <property name="file.encoding.pkg" value="sun.io"/>
    <property name="user.country" value="GB"/>
    <property name="sun.java.launcher" value="SUN_STANDARD"/>
    <property name="sun.os.patch.level" value="Service Pack 2"/>
    <property name="java.vm.specification.name" value="Java Virtual Machine Specification"/>
    <property name="user.dir" value="C:\projects\dcsf_contactpoint\europa-fall2-workspace\jom"/>
    <property name="java.runtime.version" value="1.6.0_04-b12"/>
    <property name="java.awt.graphicsenv" value="sun.awt.Win32GraphicsEnvironment"/>
    <property name="basedir" value="C:\projects\dcsf_contactpoint\europa-fall2-workspace\jom"/>
    <property name="java.endorsed.dirs" value="C:\Program Files\Java\jdk1.6.0_04\jre\lib\endorsed"/>
    <property name="os.arch" value="x86"/>
    <property name="java.io.tmpdir" value="C:\DOCUME~1\mpetzsch\LOCALS~1\Temp\"/>
    <property name="line.separator" value="
"/>
    <property name="java.vm.specification.vendor" value="Sun Microsystems Inc."/>
    <property name="user.variant" value=""/>
    <property name="os.name" value="Windows XP"/>
    <property name="sun.jnu.encoding" value="Cp1252"/>
    <property name="java.library.path" value="C:\Program Files\Java\jdk1.6.0_04\jre\bin;.;C:\WINDOWS\Sun\Java\bin;C:\WINDOWS\system32;C:\WINDOWS;C:\Program Files\Java\jdk1.6.0_04\jre\bin;C:\Program Files\Java\jre1.6.0_04\bin\client;C:\Program Files\Java\jre1.6.0_04\bin;C:\oraclexe\app\oracle\product\10.2.0\server\bin;C:\WINDOWS\system32;C:\WINDOWS;C:\WINDOWS\System32\Wbem;C:\Program Files\IBM\Installation Manager\eclipse\lib;C:\Program Files\Common Files\Roxio Shared\9.0\DLLShared\;C:\Program Files\QuickTime\QTSystem\;;C:\mpetzsch\apache-ant-1.7.0\bin;C:\Program Files\Java\jdk1.5.0_11;C:\mpetzsch\maven-2.0.7\bin;C:\Python25;C:\Program Files\Groovy\bin;c:\Program Files\Java\jdk1.6.0_03\;C:\mpetzsch\apache-maven-2.0.8\bin"/>
    <property name="java.specification.name" value="Java Platform API Specification"/>
    <property name="java.class.version" value="50.0"/>
    <property name="sun.management.compiler" value="HotSpot Client Compiler"/>
    <property name="os.version" value="5.1"/>
    <property name="user.home" value="C:\Documents and Settings\mpetzsch"/>
    <property name="user.timezone" value=""/>
    <property name="java.awt.printerjob" value="sun.awt.windows.WPrinterJob"/>
    <property name="file.encoding" value="Cp1252"/>
    <property name="java.specification.version" value="1.6"/>
    <property name="user.name" value="MPETZSCH"/>
    <property name="java.class.path" value="C:\Documents and Settings\mpetzsch\.m2\repository\org\apache\maven\surefire\surefire-booter\2.3.1\surefire-booter-2.3.1.jar;C:\Documents and Settings\mpetzsch\.m2\repository\org\apache\maven\surefire\surefire-api\2.3.1\surefire-api-2.3.1.jar;C:\Documents and Settings\mpetzsch\.m2\repository\org\codehaus\plexus\plexus-utils\1.1\plexus-utils-1.1.jar;C:\Documents and Settings\mpetzsch\.m2\repository\commons-lang\commons-lang\2.1\commons-lang-2.1.jar;C:\Documents and Settings\mpetzsch\.m2\repository\org\codehaus\plexus\plexus-archiver\1.0-alpha-7\plexus-archiver-1.0-alpha-7.jar;C:\Documents and Settings\mpetzsch\.m2\repository\org\codehaus\plexus\plexus-container-default\1.0-alpha-8\plexus-container-default-1.0-alpha-8.jar;C:\Documents and Settings\mpetzsch\.m2\repository\junit\junit\3.8.1\junit-3.8.1.jar;C:\Documents and Settings\mpetzsch\.m2\repository\classworlds\classworlds\1.1-alpha-2\classworlds-1.1-alpha-2.jar"/>
    <property name="java.vm.specification.version" value="1.0"/>
    <property name="sun.arch.data.model" value="32"/>
    <property name="java.home" value="C:\Program Files\Java\jdk1.6.0_04\jre"/>
    <property name="java.specification.vendor" value="Sun Microsystems Inc."/>
    <property name="user.language" value="en"/>
    <property name="awt.toolkit" value="sun.awt.windows.WToolkit"/>
    <property name="java.vm.info" value="mixed mode, sharing"/>
    <property name="java.version" value="1.6.0_04"/>
    <property name="java.ext.dirs" value="C:\Program Files\Java\jdk1.6.0_04\jre\lib\ext;C:\WINDOWS\Sun\Java\lib\ext"/>
    <property name="sun.boot.class.path" value="C:\Program Files\Java\jdk1.6.0_04\jre\lib\resources.jar;C:\Program Files\Java\jdk1.6.0_04\jre\lib\rt.jar;C:\Program Files\Java\jdk1.6.0_04\jre\lib\sunrsasign.jar;C:\Program Files\Java\jdk1.6.0_04\jre\lib\jsse.jar;C:\Program Files\Java\jdk1.6.0_04\jre\lib\jce.jar;C:\Program Files\Java\jdk1.6.0_04\jre\lib\charsets.jar;C:\Program Files\Java\jdk1.6.0_04\jre\classes"/>
    <property name="java.vendor" value="Sun Microsystems Inc."/>
    <property name="localRepository" value="C:\Documents and Settings\mpetzsch\.m2\repository"/>
    <property name="file.separator" value="\"/>
    <property name="java.vendor.url.bug" value="http://java.sun.com/cgi-bin/bugreport.cgi"/>
    <property name="sun.cpu.endian" value="little"/>
    <property name="sun.io.unicode.encoding" value="UnicodeLittle"/>
    <property name="sun.desktop" value="windows"/>
    <property name="sun.cpu.isalist" value="pentium_pro+mmx pentium_pro pentium+mmx pentium i486 i386 i86"/>
  </properties>
  <testcase time="0.015" name="testGetInstance"/>
</testsuite>